Flutter-SampleApp/build/app/intermediates/manifest_merge_blame_file/release/manifest-merger-blame-release-report.txt
1<?xml version="1.0" encoding="utf-8"?>
2<manifest xmlns:android="http://schemas.android.com/apk/res/android"
3    package="com.enablex.fluttersampleapp"
4    android:versionCode="1"
5    android:versionName="1.0.0" >
6
7    <uses-sdk
8        android:minSdkVersion="24"
8-->src/main/AndroidManifest.xml
9        android:targetSdkVersion="28" />
9-->src/main/AndroidManifest.xml
10    <!--
11         io.flutter.app.FlutterApplication is an android.app.Application that
12         calls FlutterMain.startInitialization(this); in its onCreate method.
13         In most cases you can leave this as-is, but you if you want to provide
14         additional functionality it is fine to subclass or reimplement
15         FlutterApplication and put your custom class here.
16    -->
17
18    <uses-permission android:name="android.permission.CAMERA" />
18-->src/main/AndroidManifest.xml:9:5-65
18-->src/main/AndroidManifest.xml:9:22-62
19    <uses-permission android:name="android.permission.CHANGE_NETWORK_STATE" />
19-->src/main/AndroidManifest.xml:10:5-79
19-->src/main/AndroidManifest.xml:10:22-76
20    <uses-permission android:name="android.permission.MODIFY_AUDIO_SETTINGS" />
20-->src/main/AndroidManifest.xml:11:5-80
20-->src/main/AndroidManifest.xml:11:22-77
21    <uses-permission android:name="android.permission.RECORD_AUDIO" />
21-->src/main/AndroidManifest.xml:12:5-71
21-->src/main/AndroidManifest.xml:12:22-68
22    <uses-permission android:name="android.permission.INTERNET" />
22-->src/main/AndroidManifest.xml:13:5-67
22-->src/main/AndroidManifest.xml:13:22-64
23    <uses-permission android:name="android.permission.WRITE_EXTERNAL_STORAGE" />
23-->src/main/AndroidManifest.xml:15:5-81
23-->src/main/AndroidManifest.xml:15:22-78
24    <uses-permission android:name="android.permission.READ_EXTERNAL_STORAGE" />
24-->src/main/AndroidManifest.xml:16:5-80
24-->src/main/AndroidManifest.xml:16:22-77
25    <uses-permission android:name="android.permission.BLUETOOTH" />
25-->src/main/AndroidManifest.xml:17:5-68
25-->src/main/AndroidManifest.xml:17:22-65
26    <uses-permission android:name="android.permission.BLUETOOTH_ADMIN" />
26-->src/main/AndroidManifest.xml:18:5-74
26-->src/main/AndroidManifest.xml:18:22-71
27    <uses-permission android:name="android.permission.WAKE_LOCK" />
27-->src/main/AndroidManifest.xml:19:5-68
27-->src/main/AndroidManifest.xml:19:22-65
28    <uses-permission android:name="android.permission.ACCESS_NETWORK_STATE" />
28-->[:Enx-Rtc-Android-Release_2.0.0:] AndroidManifest.xml:13:5-79
28-->[:Enx-Rtc-Android-Release_2.0.0:] AndroidManifest.xml:13:22-76
29
30    <application
30-->src/main/AndroidManifest.xml:21:5-60:19
31        android:name="io.flutter.app.FlutterApplication"
31-->src/main/AndroidManifest.xml:22:9-57
32        android:appComponentFactory="androidx.core.app.CoreComponentFactory"
32-->[androidx.core:core:1.3.0] AndroidManifest.xml:24:18-86
33        android:extractNativeLibs="false"
34        android:icon="@mipmap/ic_launcher"
34-->src/main/AndroidManifest.xml:25:9-43
35        android:label="fluttersampleapp" >
35-->src/main/AndroidManifest.xml:23:9-41
36        <activity
36-->src/main/AndroidManifest.xml:26:9-54:20
37            android:name="com.enablex.fluttersampleapp.MainActivity"
37-->src/main/AndroidManifest.xml:27:13-41
38            android:configChanges="orientation|keyboardHidden|keyboard|screenSize|smallestScreenSize|locale|layoutDirection|fontScale|screenLayout|density|uiMode"
38-->src/main/AndroidManifest.xml:30:13-163
39            android:hardwareAccelerated="true"
39-->src/main/AndroidManifest.xml:31:13-47
40            android:launchMode="singleTop"
40-->src/main/AndroidManifest.xml:28:13-43
41            android:theme="@style/LaunchTheme"
41-->src/main/AndroidManifest.xml:29:13-47
42            android:windowSoftInputMode="adjustResize" >
42-->src/main/AndroidManifest.xml:32:13-55
43
44            <!--
45                 Specifies an Android theme to apply to this Activity as soon as
46                 the Android process has started. This theme is visible to the user
47                 while the Flutter UI initializes. After that, this theme continues
48                 to determine the Window background behind the Flutter UI.
49            -->
50            <meta-data
50-->src/main/AndroidManifest.xml:37:13-40:17
51                android:name="io.flutter.embedding.android.NormalTheme"
51-->src/main/AndroidManifest.xml:38:15-70
52                android:resource="@style/NormalTheme" />
52-->src/main/AndroidManifest.xml:39:15-52
53            <!--
54                 Displays an Android View that continues showing the launch screen
55                 Drawable until Flutter paints its first frame, then this splash
56                 screen fades out. A splash screen is useful to avoid any visual
57                 gap between the end of Android's launch screen and the painting of
58                 Flutter's first frame.
59            -->
60            <meta-data
60-->src/main/AndroidManifest.xml:46:13-49:17
61                android:name="io.flutter.embedding.android.SplashScreenDrawable"
61-->src/main/AndroidManifest.xml:47:15-79
62                android:resource="@drawable/launch_background" />
62-->src/main/AndroidManifest.xml:48:15-61
63
64            <intent-filter>
64-->src/main/AndroidManifest.xml:50:13-53:29
65                <action android:name="android.intent.action.MAIN" />
65-->src/main/AndroidManifest.xml:51:17-68
65-->src/main/AndroidManifest.xml:51:25-66
66
67                <category android:name="android.intent.category.LAUNCHER" />
67-->src/main/AndroidManifest.xml:52:17-76
67-->src/main/AndroidManifest.xml:52:27-74
68            </intent-filter>
69        </activity>
70        <!--
71             Don't delete the meta-data below.
72             This is used by the Flutter tool to generate GeneratedPluginRegistrant.java
73        -->
74        <meta-data
74-->src/main/AndroidManifest.xml:57:9-59:33
75            android:name="flutterEmbedding"
75-->src/main/AndroidManifest.xml:58:13-44
76            android:value="2" />
76-->src/main/AndroidManifest.xml:59:13-30
77        <meta-data
77-->[:Enx-Rtc-Android-Release_2.0.0:] AndroidManifest.xml:36:9-38:37
78            android:name="android.webkit.WebView.EnableSafeBrowsing"
78-->[:Enx-Rtc-Android-Release_2.0.0:] AndroidManifest.xml:37:13-69
79            android:value="false" />
79-->[:Enx-Rtc-Android-Release_2.0.0:] AndroidManifest.xml:38:13-34
80
81        <receiver android:name="enx_rtc_android.Controller.EnxBatteryLevelReceiver" >
81-->[:Enx-Rtc-Android-Release_2.0.0:] AndroidManifest.xml:40:9-47:20
81-->[:Enx-Rtc-Android-Release_2.0.0:] AndroidManifest.xml:40:19-84
82            <intent-filter>
82-->[:Enx-Rtc-Android-Release_2.0.0:] AndroidManifest.xml:41:13-46:29
83                <action android:name="android.intent.action.BATTERY_LOW" />
83-->[:Enx-Rtc-Android-Release_2.0.0:] AndroidManifest.xml:42:17-76
83-->[:Enx-Rtc-Android-Release_2.0.0:] AndroidManifest.xml:42:25-73
84                <action android:name="android.intent.action.BATTERY_OKAY" />
84-->[:Enx-Rtc-Android-Release_2.0.0:] AndroidManifest.xml:43:17-77
84-->[:Enx-Rtc-Android-Release_2.0.0:] AndroidManifest.xml:43:25-74
85                <action android:name="android.intent.action.ACTION_POWER_CONNECTED" />
85-->[:Enx-Rtc-Android-Release_2.0.0:] AndroidManifest.xml:44:17-87
85-->[:Enx-Rtc-Android-Release_2.0.0:] AndroidManifest.xml:44:25-84
86                <action android:name="android.intent.action.ACTION_POWER_DISCONNECTED" />
86-->[:Enx-Rtc-Android-Release_2.0.0:] AndroidManifest.xml:45:17-90
86-->[:Enx-Rtc-Android-Release_2.0.0:] AndroidManifest.xml:45:25-87
87            </intent-filter>
88        </receiver>
89
90        <provider
90-->[androidx.lifecycle:lifecycle-process:2.0.0] AndroidManifest.xml:23:9-27:43
91            android:name="androidx.lifecycle.ProcessLifecycleOwnerInitializer"
91-->[androidx.lifecycle:lifecycle-process:2.0.0] AndroidManifest.xml:24:13-79
92            android:authorities="com.enablex.fluttersampleapp.lifecycle-process"
92-->[androidx.lifecycle:lifecycle-process:2.0.0] AndroidManifest.xml:25:13-69
93            android:exported="false"
93-->[androidx.lifecycle:lifecycle-process:2.0.0] AndroidManifest.xml:26:13-37
94            android:multiprocess="true" />
94-->[androidx.lifecycle:lifecycle-process:2.0.0] AndroidManifest.xml:27:13-40
95    </application>
96
97</manifest>